生成启动时间为 2020/12/9 12:29:01。
     1>项目“C:\Users\Lenovo\Documents\Visual Studio 2013\Projects\myQt2020\myQt2020\myQt2020.vcxproj”在节点 2 上(Rebuild 个目标)。
     1>CustomBuild:
         Moc'ing myqt2020.h...
         Uic'ing myqt2020.ui...
         Moc'ing ScreenWidget.h...
         Moc'ing form.h...
         Rcc'ing myqt2020.qrc...
         Uic'ing form.ui...
       ClCompile:
         C:\Program Files (x86)\Microsoft Visual Studio 12.0\VC\bin\x86_amd64\CL.exe /c /I.\GeneratedFiles /I. /IC:\Qt\Qt5.7.0\5.7\msvc2013_64\include /I.\GeneratedFiles\Release /IC:\Qt\Qt5.7.0\5.7\msvc2013_64\include\QtCore /IC:\Qt\Qt5.7.0\5.7\msvc2013_64\include\QtGui /IC:\Qt\Qt5.7.0\5.7\msvc2013_64\include\QtWidgets /nologo /W1 /WX- /O2 /D UNICODE /D WIN32 /D WIN64 /D QT_DLL /D QT_NO_DEBUG /D NDEBUG /D QT_CORE_LIB /D QT_GUI_LIB /D QT_WIDGETS_LIB /Gm- /EHsc /MD /GS /fp:precise /Zc:wchar_t /Zc:forScope /Fo"x64\Release\\" /Fd"x64\Release\vc120.pdb" /Gd /TP /errorReport:prompt form.cpp GeneratedFiles\Release\moc_form.cpp GeneratedFiles\Release\moc_myqt2020.cpp GeneratedFiles\Release\moc_ScreenWidget.cpp GraphBase.cpp listdg.cpp main.cpp myqt2020.cpp ScreenWidget.cpp
         form.cpp
         moc_form.cpp
         moc_myqt2020.cpp
         moc_ScreenWidget.cpp
         GraphBase.cpp
         listdg.cpp
         main.cpp
         myqt2020.cpp
         ScreenWidget.cpp
         正在生成代码...
         C:\Program Files (x86)\Microsoft Visual Studio 12.0\VC\bin\x86_amd64\CL.exe /c /I.\GeneratedFiles /I. /IC:\Qt\Qt5.7.0\5.7\msvc2013_64\include /I.\GeneratedFiles\Release /IC:\Qt\Qt5.7.0\5.7\msvc2013_64\include\QtCore /IC:\Qt\Qt5.7.0\5.7\msvc2013_64\include\QtGui /IC:\Qt\Qt5.7.0\5.7\msvc2013_64\include\QtWidgets /nologo /W1 /WX- /O2 /D UNICODE /D WIN32 /D WIN64 /D QT_DLL /D QT_NO_DEBUG /D NDEBUG /D QT_CORE_LIB /D QT_GUI_LIB /D QT_WIDGETS_LIB /Gm- /EHsc /MD /GS /fp:precise /Zc:wchar_t /Zc:forScope /Fo"x64\Release\\" /Fd"x64\Release\vc120.pdb" /Gd /TP /errorReport:prompt GeneratedFiles\qrc_myqt2020.cpp
         qrc_myqt2020.cpp
       Link:
         C:\Program Files (x86)\Microsoft Visual Studio 12.0\VC\bin\x86_amd64\link.exe /ERRORREPORT:PROMPT /OUT:"C:\Users\Lenovo\Documents\Visual Studio 2013\Projects\myQt2020\x64\Release\\myQt2020.exe" /NOLOGO /LIBPATH:C:\Qt\Qt5.7.0\5.7\msvc2013_64\lib qtmain.lib Qt5Core.lib Qt5Gui.lib Qt5Widgets.lib kernel32.lib user32.lib gdi32.lib winspool.lib comdlg32.lib advapi32.lib shell32.lib ole32.lib oleaut32.lib uuid.lib odbc32.lib odbccp32.lib /MANIFEST /MANIFESTUAC:"level='asInvoker' uiAccess='false'" /manifest:embed /PDB:"C:\Users\Lenovo\Documents\Visual Studio 2013\Projects\myQt2020\x64\Release\myQt2020.pdb" /SUBSYSTEM:WINDOWS /TLBID:1 /DYNAMICBASE /NXCOMPAT /IMPLIB:"C:\Users\Lenovo\Documents\Visual Studio 2013\Projects\myQt2020\x64\Release\myQt2020.lib" /MACHINE:X64 x64\Release\form.obj
         x64\Release\qrc_myqt2020.obj
         x64\Release\moc_form.obj
         x64\Release\moc_myqt2020.obj
         x64\Release\moc_ScreenWidget.obj
         x64\Release\GraphBase.obj
         x64\Release\listdg.obj
         x64\Release\main.obj
         x64\Release\myqt2020.obj
         x64\Release\ScreenWidget.obj
         myQt2020.vcxproj -> C:\Users\Lenovo\Documents\Visual Studio 2013\Projects\myQt2020\x64\Release\myQt2020.exe
     1>已完成生成项目“C:\Users\Lenovo\Documents\Visual Studio 2013\Projects\myQt2020\myQt2020\myQt2020.vcxproj”(Rebuild 个目标)的操作。

生成成功。

已用时间 00:00:19.09
