c:\users\lenovo\documents\visual studio 2013\projects\myqt2020\myqt2020\x64\debug\vc120.pdb
c:\users\lenovo\documents\visual studio 2013\projects\myqt2020\myqt2020\x64\debug\screenwidget.obj
c:\users\lenovo\documents\visual studio 2013\projects\myqt2020\myqt2020\x64\debug\myqt2020.obj
c:\users\lenovo\documents\visual studio 2013\projects\myqt2020\myqt2020\x64\debug\main.obj
c:\users\lenovo\documents\visual studio 2013\projects\myqt2020\myqt2020\x64\debug\listdg.obj
c:\users\lenovo\documents\visual studio 2013\projects\myqt2020\myqt2020\x64\debug\graphbase.obj
c:\users\lenovo\documents\visual studio 2013\projects\myqt2020\myqt2020\x64\debug\moc_screenwidget.obj
c:\users\lenovo\documents\visual studio 2013\projects\myqt2020\myqt2020\x64\debug\moc_myqt2020.obj
c:\users\lenovo\documents\visual studio 2013\projects\myqt2020\myqt2020\x64\debug\moc_form.obj
c:\users\lenovo\documents\visual studio 2013\projects\myqt2020\myqt2020\x64\debug\form.obj
c:\users\lenovo\documents\visual studio 2013\projects\myqt2020\myqt2020\x64\debug\qrc_myqt2020.obj
c:\users\lenovo\documents\visual studio 2013\projects\myqt2020\myqt2020\generatedfiles\debug\moc_myqt2020.cpp
c:\users\lenovo\documents\visual studio 2013\projects\myqt2020\myqt2020\generatedfiles\ui_myqt2020.h
c:\users\lenovo\documents\visual studio 2013\projects\myqt2020\myqt2020\generatedfiles\debug\moc_screenwidget.cpp
c:\users\lenovo\documents\visual studio 2013\projects\myqt2020\myqt2020\generatedfiles\debug\moc_form.cpp
c:\users\lenovo\documents\visual studio 2013\projects\myqt2020\myqt2020\generatedfiles\qrc_myqt2020.cpp
c:\users\lenovo\documents\visual studio 2013\projects\myqt2020\myqt2020\generatedfiles\ui_form.h
c:\users\lenovo\documents\visual studio 2013\projects\myqt2020\x64\debug\myqt2020.ilk
c:\users\lenovo\documents\visual studio 2013\projects\myqt2020\x64\debug\myqt2020.exe
c:\users\lenovo\documents\visual studio 2013\projects\myqt2020\x64\debug\myqt2020.pdb
c:\users\lenovo\documents\visual studio 2013\projects\myqt2020\myqt2020\x64\debug\myqt2020.tlog\cl.command.1.tlog
c:\users\lenovo\documents\visual studio 2013\projects\myqt2020\myqt2020\x64\debug\myqt2020.tlog\cl.read.1.tlog
c:\users\lenovo\documents\visual studio 2013\projects\myqt2020\myqt2020\x64\debug\myqt2020.tlog\cl.write.1.tlog
c:\users\lenovo\documents\visual studio 2013\projects\myqt2020\myqt2020\x64\debug\myqt2020.tlog\custombuild.command.1.tlog
c:\users\lenovo\documents\visual studio 2013\projects\myqt2020\myqt2020\x64\debug\myqt2020.tlog\custombuild.read.1.tlog
c:\users\lenovo\documents\visual studio 2013\projects\myqt2020\myqt2020\x64\debug\myqt2020.tlog\custombuild.write.1.tlog
c:\users\lenovo\documents\visual studio 2013\projects\myqt2020\myqt2020\x64\debug\myqt2020.tlog\link.command.1.tlog
c:\users\lenovo\documents\visual studio 2013\projects\myqt2020\myqt2020\x64\debug\myqt2020.tlog\link.read.1.tlog
c:\users\lenovo\documents\visual studio 2013\projects\myqt2020\myqt2020\x64\debug\myqt2020.tlog\link.write.1.tlog
